<?xml version="1.0" encoding="UTF-8"?>
<Site BuildName="(empty)"
	BuildStamp="20200419-0016-Experimental"
	Name="(empty)"
	Generator="ctest-3.10.2"
	CompilerName=""
	CompilerVersion=""
	OSName="Linux"
	Hostname="station"
	OSRelease="5.3.0-45-generic"
	OSVersion="#37~18.04.1-Ubuntu SMP Fri Mar 27 15:58:10 UTC 2020"
	OSPlatform="x86_64"
	Is64Bits="1"
	VendorString="GenuineIntel"
	VendorID="Intel Corporation"
	FamilyID="6"
	ModelID="60"
	ProcessorCacheSize="6144"
	NumberOfLogicalCPU="8"
	NumberOfPhysicalCPU="4"
	TotalVirtualMemory="15257"
	TotalPhysicalMemory="15896"
	LogicalProcessorsPerPhysical="2"
	ProcessorClockFrequency="2002.08"
	>
	<Testing>
		<StartDateTime>Apr 19 03:16 MSK</StartDateTime>
		<StartTestTime>1587255377</StartTestTime>
		<TestList/>
		<EndDateTime>Apr 19 03:16 MSK</EndDateTime>
		<EndTestTime>1587255377</EndTestTime>
		<ElapsedMinutes>0</ElapsedMinutes>
	</Testing>
</Site>
